# JRE version: OpenJDK Runtime Environment (18.0.2+9) (build 18.0.2+9-61)
# Java VM: OpenJDK 64-Bit Server VM (18.0.2+9-61, mixed mode, emulated-client, sharing, tiered, compressed oops, compressed class ptrs, g1 gc, windows-amd64)
GC Precious Log:
 CardTable entry size: 512
 Card Set container configuration: InlinePtr #cards 4 size 8 Array Of Cards #cards 16 size 48 Howl #buckets 8 coarsen threshold 3686 Howl Bitmap #cards 512 size 80 coarsen threshold 460 Card regions per heap region 1 cards per card region 4096
 CPUs: 4 total, 4 available
 Memory: 12161M
 Large Page Support: Disabled
 NUMA Support: Disabled
 Compressed Oops: Enabled (Zero based)
 Heap Region Size: 2M
 Heap Min Capacity: 8M
 Heap Initial Capacity: 192M
 Heap Max Capacity: 3042M
 Pre-touch: Disabled
 Parallel Workers: 4
 Concurrent Workers: 1
 Concurrent Refinement Workers: 4
 Periodic GC: Disabled
Heap:
 garbage-first heap   total 129024K, used 47539K [0x0000000741e00000, 0x0000000800000000)
  region size 2048K, 2 young (4096K), 2 survivors (4096K)
 Metaspace       used 49993K, committed 50624K, reserved 1114112K
  class space    used 6839K, committed 7104K, reserved 1048576K
GC Heap History (20 events):
Event: 6.167 GC heap after
{Heap after GC invocations=7 (full 0):
 garbage-first heap   total 61440K, used 18555K [0x0000000741e00000, 0x0000000800000000)
  region size 2048K, 1 young (2048K), 1 survivors (2048K)
 Metaspace       used 31057K, committed 31552K, reserved 1114112K
  class space    used 4196K, committed 4416K, reserved 1048576K
}
Event: 6.686 GC heap before
{Heap before GC invocations=7 (full 0):
 garbage-first heap   total 61440K, used 32891K [0x0000000741e00000, 0x0000000800000000)
  region size 2048K, 9 young (18432K), 1 survivors (2048K)
 Metaspace       used 35639K, committed 36096K, reserved 1114112K
  class space    used 4735K, committed 4928K, reserved 1048576K
}
Event: 6.691 GC heap after
{Heap after GC invocations=8 (full 0):
 garbage-first heap   total 61440K, used 19388K [0x0000000741e00000, 0x0000000800000000)
  region size 2048K, 2 young (4096K), 2 survivors (4096K)
 Metaspace       used 35639K, committed 36096K, reserved 1114112K
  class space    used 4735K, committed 4928K, reserved 1048576K
}
Event: 7.477 GC heap before
{Heap before GC invocations=9 (full 0):
 garbage-first heap   total 61440K, used 41916K [0x0000000741e00000, 0x0000000800000000)
  region size 2048K, 14 young (28672K), 2 survivors (4096K)
 Metaspace       used 41117K, committed 41600K, reserved 1114112K
  class space    used 5605K, committed 5824K, reserved 1048576K
}
Event: 7.485 GC heap after
{Heap after GC invocations=10 (full 0):
 garbage-first heap   total 61440K, used 21653K [0x0000000741e00000, 0x0000000800000000)
  region size 2048K, 2 young (4096K), 2 survivors (4096K)
 Metaspace       used 41117K, committed 41600K, reserved 1114112K
  class space    used 5605K, committed 5824K, reserved 1048576K
}
Event: 8.041 GC heap before
{Heap before GC invocations=10 (full 0):
 garbage-first heap   total 61440K, used 44181K [0x0000000741e00000, 0x0000000800000000)
  region size 2048K, 13 young (26624K), 2 survivors (4096K)
 Metaspace       used 44000K, committed 44544K, reserved 1114112K
  class space    used 6025K, committed 6272K, reserved 1048576K
}
Event: 8.054 GC heap after
{Heap after GC invocations=11 (full 0):
 garbage-first heap   total 61440K, used 23322K [0x0000000741e00000, 0x0000000800000000)
  region size 2048K, 2 young (4096K), 2 survivors (4096K)
 Metaspace       used 44000K, committed 44544K, reserved 1114112K
  class space    used 6025K, committed 6272K, reserved 1048576K
}
Event: 8.511 GC heap before
{Heap before GC invocations=11 (full 0):
 garbage-first heap   total 61440K, used 41754K [0x0000000741e00000, 0x0000000800000000)
  region size 2048K, 12 young (24576K), 2 survivors (4096K)
 Metaspace       used 45704K, committed 46336K, reserved 1114112K
  class space    used 6227K, committed 6528K, reserved 1048576K
}
Event: 8.519 GC heap after
{Heap after GC invocations=12 (full 0):
 garbage-first heap   total 61440K, used 27231K [0x0000000741e00000, 0x0000000800000000)
  region size 2048K, 2 young (4096K), 2 survivors (4096K)
 Metaspace       used 45704K, committed 46336K, reserved 1114112K
  class space    used 6227K, committed 6528K, reserved 1048576K
}
Event: 8.628 GC heap before
{Heap before GC invocations=12 (full 0):
 garbage-first heap   total 61440K, used 43615K [0x0000000741e00000, 0x0000000800000000)
  region size 2048K, 10 young (20480K), 2 survivors (4096K)
 Metaspace       used 45704K, committed 46336K, reserved 1114112K
  class space    used 6227K, committed 6528K, reserved 1048576K
}
Event: 8.641 GC heap after
{Heap after GC invocations=13 (full 0):
 garbage-first heap   total 73728K, used 30984K [0x0000000741e00000, 0x0000000800000000)
  region size 2048K, 2 young (4096K), 2 survivors (4096K)
 Metaspace       used 45704K, committed 46336K, reserved 1114112K
  class space    used 6227K, committed 6528K, reserved 1048576K
}
Event: 8.819 GC heap before
{Heap before GC invocations=13 (full 0):
 garbage-first heap   total 73728K, used 51464K [0x0000000741e00000, 0x0000000800000000)
  region size 2048K, 12 young (24576K), 2 survivors (4096K)
 Metaspace       used 45816K, committed 46400K, reserved 1114112K
  class space    used 6243K, committed 6528K, reserved 1048576K
}
Event: 8.832 GC heap after
{Heap after GC invocations=14 (full 0):
 garbage-first heap   total 73728K, used 36811K [0x0000000741e00000, 0x0000000800000000)
  region size 2048K, 2 young (4096K), 2 survivors (4096K)
 Metaspace       used 45816K, committed 46400K, reserved 1114112K
  class space    used 6243K, committed 6528K, reserved 1048576K
}
Event: 8.898 GC heap before
{Heap before GC invocations=14 (full 0):
 garbage-first heap   total 73728K, used 51147K [0x0000000741e00000, 0x0000000800000000)
  region size 2048K, 9 young (18432K), 2 survivors (4096K)
 Metaspace       used 45816K, committed 46400K, reserved 1114112K
  class space    used 6243K, committed 6528K, reserved 1048576K
}
Event: 8.908 GC heap after
{Heap after GC invocations=15 (full 0):
 garbage-first heap   total 73728K, used 40702K [0x0000000741e00000, 0x0000000800000000)
  region size 2048K, 2 young (4096K), 2 survivors (4096K)
 Metaspace       used 45816K, committed 46400K, reserved 1114112K
  class space    used 6243K, committed 6528K, reserved 1048576K
}
Event: 9.128 GC heap before
{Heap before GC invocations=16 (full 0):
 garbage-first heap   total 90112K, used 50942K [0x0000000741e00000, 0x0000000800000000)
  region size 2048K, 8 young (16384K), 2 survivors (4096K)
 Metaspace       used 46137K, committed 46720K, reserved 1114112K
  class space    used 6312K, committed 6592K, reserved 1048576K
}
Event: 9.138 GC heap after
{Heap after GC invocations=17 (full 0):
 garbage-first heap   total 90112K, used 44112K [0x0000000741e00000, 0x0000000800000000)
  region size 2048K, 1 young (2048K), 1 survivors (2048K)
 Metaspace       used 46137K, committed 46720K, reserved 1114112K
  class space    used 6312K, committed 6592K, reserved 1048576K
}
Event: 9.198 GC heap before
{Heap before GC invocations=17 (full 0):
 garbage-first heap   total 90112K, used 46160K [0x0000000741e00000, 0x0000000800000000)
  region size 2048K, 2 young (4096K), 1 survivors (2048K)
 Metaspace       used 46260K, committed 46912K, reserved 1114112K
  class space    used 6337K, committed 6656K, reserved 1048576K
}
Event: 9.202 GC heap after
{Heap after GC invocations=18 (full 0):
 garbage-first heap   total 90112K, used 45085K [0x0000000741e00000, 0x0000000800000000)
  region size 2048K, 1 young (2048K), 1 survivors (2048K)
 Metaspace       used 46260K, committed 46912K, reserved 1114112K
  class space    used 6337K, committed 6656K, reserved 1048576K
}
Event: 15.349 GC heap before
{Heap before GC invocations=18 (full 0):
 garbage-first heap   total 90112K, used 61469K [0x0000000741e00000, 0x0000000800000000)
  region size 2048K, 10 young (20480K), 1 survivors (2048K)
 Metaspace       used 49993K, committed 50624K, reserved 1114112K
  class space    used 6839K, committed 7104K, reserved 1048576K
}

